Sender: LSF System <lsfadmin@r05n61>
Subject: Job 338392: <olivetti> in cluster <sustchpc> Done

Job <olivetti> was submitted from host <login02> by user <cse-zhengyl> in cluster <sustchpc> at Thu Apr 25 01:44:06 2019.
Job was executed on host(s) <40*r05n61>, in queue <medium>, as user <cse-zhengyl> in cluster <sustchpc> at Thu Apr 25 01:44:08 2019.
</work/cse-zhengyl> was used as the home directory.
</work/cse-zhengyl/codes2> was used as the working directory.
Started at Thu Apr 25 01:44:08 2019.
Terminated at Thu Apr 25 01:47:41 2019.
Results reported at Thu Apr 25 01:47:41 2019.

Your job looked like:

------------------------------------------------------------
# LSBATCH: User input
#BSUB -J olivetti  ### set job name
#BSUB -n 40  ## number of cores
#BSUB -R "span[ptile=40]"
#BSUB -oo ../output/stdout_olivetti.out  ### standard output, rewrite every run
#BSUB -eo ../errors/stderr_olivetti.err  ### standard error, rewrite every run

### load module
module load mpi/openmpi/3.1.2_gcc

### run program
mpirun -np $LSB_DJOB_NUMPROC ./run -d O

------------------------------------------------------------

Successfully completed.

Resource usage summary:

    CPU time :                                   8474.60 sec.
    Max Memory :                                 11969 MB
    Average Memory :                             10658.52 MB
    Total Requested Memory :                     -
    Delta Memory :                               -
    Max Swap :                                   166 MB
    Max Processes :                              44
    Max Threads :                                129
    Run time :                                   212 sec.
    Turnaround time :                            215 sec.

The output (if any) follows:

*** Parameters ***
	Domain = O
	Num of Sum Per Region = 20
	Num of Components Per Variable = 4
	Sparse Prior = 1.000000
	Base Resolution = 4
	Num of Slave Per Class = 39
	Num of Slave Group = 1
<TIME> init 6700000ms
<TIME> init 6720000ms
<TIME> init 6690000ms
<TIME> init 6690000ms
<TIME> init 6690000ms
<TIME> init 6710000ms
<TIME> init 6710000ms
<TIME> init 6710000ms
<TIME> init 6720000ms
<TIME> init 6720000ms
<TIME> init 6720000ms
<TIME> init 6720000ms
<TIME> init 6710000ms
<TIME> init 6720000ms
<TIME> init 6740000ms
<TIME> init 6710000ms
<TIME> init 6720000ms
<TIME> init 6740000ms
<TIME> init 6730000ms
<TIME> init 6730000ms
<TIME> init 6760000ms
<TIME> init 6790000ms
<TIME> init 6800000ms
<TIME> init 6800000ms
<TIME> init 6810000ms
<TIME> init 6810000ms
<TIME> init 6800000ms
<TIME> init 6810000ms
<TIME> init 6810000ms
<TIME> init 6840000ms
<TIME> init 6820000ms
<TIME> init 6820000ms
<TIME> init 6810000ms
<TIME> init 6820000ms
<TIME> init 6810000ms
<TIME> init 6840000ms
<TIME> init 6820000ms
<TIME> init 6830000ms
<TIME> init 6850000ms
<TIME> init 6830000ms
<TIME> finish iter 1 12230000ms
<TIME> finish iter 1 12420000ms
<TIME> finish iter 1 12430000ms
<TIME> finish iter 1 12430000ms
<TIME> finish iter 1 12410000ms
<TIME> finish iter 1 12470000ms
<TIME> finish iter 1 12450000ms
<TIME> finish iter 1 12430000ms
<TIME> finish iter 1 12410000ms
<TIME> finish iter 1 12430000ms
<TIME> finish iter 1 12420000ms
<TIME> finish iter 1 12450000ms
<TIME> finish iter 1 12430000ms
<TIME> finish iter 1 12420000ms
<TIME> finish iter 1 12470000ms
<TIME> finish iter 1 12450000ms
<TIME> finish iter 1 12420000ms
<TIME> finish iter 1 12440000ms
<TIME> finish iter 1 12460000ms
<TIME> finish iter 1 12430000ms
<TIME> finish iter 1 12330000ms
<TIME> finish iter 1 12320000ms
<TIME> finish iter 1 12290000ms
<TIME> finish iter 1 12340000ms
<TIME> finish iter 1 12330000ms
<TIME> finish iter 1 12310000ms
<TIME> finish iter 1 12350000ms
<TIME> finish iter 1 12370000ms
<TIME> finish iter 1 12380000ms
<TIME> finish iter 1 12310000ms
<TIME> finish iter 1 12350000ms
<TIME> finish iter 1 12380000ms
<TIME> finish iter 1 12400000ms
<TIME> finish iter 1 12410000ms
<TIME> finish iter 1 12360000ms
<TIME> finish iter 1 12370000ms
<TIME> finish iter 1 12370000ms
<TIME> finish iter 1 12370000ms
<TIME> finish iter 1 12360000ms
<TIME> finish iter 1 12370000ms
<TIME> [iter=1] llh=-1251.328502 ollh=0.000000 1430000ms
<TIME> finish iter 2 13330000ms
<TIME> finish iter 2 14770000ms
<TIME> finish iter 2 14750000ms
<TIME> finish iter 2 14760000ms
<TIME> finish iter 2 14760000ms
<TIME> finish iter 2 14760000ms
<TIME> finish iter 2 14760000ms
<TIME> finish iter 2 14770000ms
<TIME> finish iter 2 14770000ms
<TIME> finish iter 2 14780000ms
<TIME> finish iter 2 14770000ms
<TIME> finish iter 2 14760000ms
<TIME> finish iter 2 14760000ms
<TIME> finish iter 2 14760000ms
<TIME> finish iter 2 14770000ms
<TIME> finish iter 2 14760000ms
<TIME> finish iter 2 14760000ms
<TIME> finish iter 2 14770000ms
<TIME> finish iter 2 14770000ms
<TIME> finish iter 2 14760000ms
<TIME> finish iter 2 14750000ms
<TIME> finish iter 2 14770000ms
<TIME> finish iter 2 14770000ms
<TIME> finish iter 2 14750000ms
<TIME> finish iter 2 14760000ms
<TIME> finish iter 2 14770000ms
<TIME> finish iter 2 14740000ms
<TIME> finish iter 2 14760000ms
<TIME> finish iter 2 14750000ms
<TIME> finish iter 2 14760000ms
<TIME> finish iter 2 14770000ms
<TIME> finish iter 2 14750000ms
<TIME> finish iter 2 14760000ms
<TIME> finish iter 2 14730000ms
<TIME> finish iter 2 14750000ms
<TIME> finish iter 2 14760000ms
<TIME> finish iter 2 14760000ms
<TIME> finish iter 2 14750000ms
<TIME> finish iter 2 14760000ms
<TIME> finish iter 2 14760000ms
<TIME> [iter=2] llh=-1292.198824 ollh=-1251.328502 1380000ms
<TIME> finish iter 3 12900000ms
<TIME> finish iter 3 14320000ms
<TIME> finish iter 3 14340000ms
<TIME> finish iter 3 14350000ms
<TIME> finish iter 3 14350000ms
<TIME> finish iter 3 14360000ms
<TIME> finish iter 3 14360000ms
<TIME> finish iter 3 14350000ms
<TIME> finish iter 3 14350000ms
<TIME> finish iter 3 14350000ms
<TIME> finish iter 3 14350000ms
<TIME> finish iter 3 14350000ms
<TIME> finish iter 3 14350000ms
<TIME> finish iter 3 14360000ms
<TIME> finish iter 3 14350000ms
<TIME> finish iter 3 14340000ms
<TIME> finish iter 3 14360000ms
<TIME> finish iter 3 14360000ms
<TIME> finish iter 3 14350000ms
<TIME> finish iter 3 14350000ms
<TIME> finish iter 3 14360000ms
<TIME> finish iter 3 14320000ms
<TIME> finish iter 3 14360000ms
<TIME> finish iter 3 14350000ms
<TIME> finish iter 3 14360000ms
<TIME> finish iter 3 14330000ms
<TIME> finish iter 3 14340000ms
<TIME> finish iter 3 14330000ms
<TIME> finish iter 3 14350000ms
<TIME> finish iter 3 14360000ms
<TIME> finish iter 3 14360000ms
<TIME> finish iter 3 14350000ms
<TIME> finish iter 3 14340000ms
<TIME> finish iter 3 14360000ms
<TIME> finish iter 3 14350000ms
<TIME> finish iter 3 14310000ms
<TIME> finish iter 3 14360000ms
<TIME> finish iter 3 14350000ms
<TIME> finish iter 3 14350000ms
<TIME> finish iter 3 14340000ms
<TIME> [iter=3] llh=-1284.248557 ollh=-1292.198824 1350000ms
<TIME> finish iter 4 12830000ms
<TIME> finish iter 4 14200000ms
<TIME> finish iter 4 14190000ms
<TIME> finish iter 4 14180000ms
<TIME> finish iter 4 14190000ms
<TIME> finish iter 4 14190000ms
<TIME> finish iter 4 14190000ms
<TIME> finish iter 4 14180000ms
<TIME> finish iter 4 14190000ms
<TIME> finish iter 4 14180000ms
<TIME> finish iter 4 14200000ms
<TIME> finish iter 4 14190000ms
<TIME> finish iter 4 14190000ms
<TIME> finish iter 4 14200000ms
<TIME> finish iter 4 14180000ms
<TIME> finish iter 4 14190000ms
<TIME> finish iter 4 14200000ms
<TIME> finish iter 4 14190000ms
<TIME> finish iter 4 14180000ms
<TIME> finish iter 4 14190000ms
<TIME> finish iter 4 14190000ms
<TIME> finish iter 4 14190000ms
<TIME> finish iter 4 14200000ms
<TIME> finish iter 4 14190000ms
<TIME> finish iter 4 14200000ms
<TIME> finish iter 4 14190000ms
<TIME> finish iter 4 14190000ms
<TIME> finish iter 4 14190000ms
<TIME> finish iter 4 14190000ms
<TIME> finish iter 4 14190000ms
<TIME> finish iter 4 14170000ms
<TIME> finish iter 4 14200000ms
<TIME> finish iter 4 14180000ms
<TIME> finish iter 4 14190000ms
<TIME> finish iter 4 14190000ms
<TIME> finish iter 4 14190000ms
<TIME> finish iter 4 14160000ms
<TIME> finish iter 4 14200000ms
<TIME> finish iter 4 14200000ms
<TIME> finish iter 4 14200000ms
<TIME> [iter=4] llh=-1254.171409 ollh=-1284.248557 1330000ms
<TIME> finish iter 5 12770000ms
<TIME> finish iter 5 14110000ms
<TIME> finish iter 5 14110000ms
<TIME> finish iter 5 14110000ms
<TIME> finish iter 5 14110000ms
<TIME> finish iter 5 14110000ms
<TIME> finish iter 5 14120000ms
<TIME> finish iter 5 14110000ms
<TIME> finish iter 5 14120000ms
<TIME> finish iter 5 14110000ms
<TIME> finish iter 5 14120000ms
<TIME> finish iter 5 14100000ms
<TIME> finish iter 5 14100000ms
<TIME> finish iter 5 14110000ms
<TIME> finish iter 5 14110000ms
<TIME> finish iter 5 14110000ms
<TIME> finish iter 5 14090000ms
<TIME> finish iter 5 14100000ms
<TIME> finish iter 5 14110000ms
<TIME> finish iter 5 14110000ms
<TIME> finish iter 5 14100000ms
<TIME> finish iter 5 14110000ms
<TIME> finish iter 5 14120000ms
<TIME> finish iter 5 14100000ms
<TIME> finish iter 5 14110000ms
<TIME> finish iter 5 14100000ms
<TIME> finish iter 5 14110000ms
<TIME> finish iter 5 14110000ms
<TIME> finish iter 5 14110000ms
<TIME> finish iter 5 14120000ms
<TIME> finish iter 5 14090000ms
<TIME> finish iter 5 14100000ms
<TIME> finish iter 5 14100000ms
<TIME> finish iter 5 14110000ms
<TIME> finish iter 5 14090000ms
<TIME> finish iter 5 14100000ms
<TIME> finish iter 5 14110000ms
<TIME> finish iter 5 14070000ms
<TIME> finish iter 5 14100000ms
<TIME> finish iter 5 14100000ms
<TIME> [iter=5] llh=-1228.793486 ollh=-1254.171409 1360000ms
<TIME> finish iter 6 12720000ms
<TIME> finish iter 6 14040000ms
<TIME> finish iter 6 14090000ms
<TIME> finish iter 6 14090000ms
<TIME> finish iter 6 14090000ms
<TIME> finish iter 6 14100000ms
<TIME> finish iter 6 14090000ms
<TIME> finish iter 6 14090000ms
<TIME> finish iter 6 14100000ms
<TIME> finish iter 6 14100000ms
<TIME> finish iter 6 14090000ms
<TIME> finish iter 6 14090000ms
<TIME> finish iter 6 14100000ms
<TIME> finish iter 6 14100000ms
<TIME> finish iter 6 14100000ms
<TIME> finish iter 6 14100000ms
<TIME> finish iter 6 13970000ms
<TIME> finish iter 6 14090000ms
<TIME> finish iter 6 14100000ms
<TIME> finish iter 6 14100000ms
<TIME> finish iter 6 14090000ms
<TIME> finish iter 6 14100000ms
<TIME> finish iter 6 14110000ms
<TIME> finish iter 6 14090000ms
<TIME> finish iter 6 14090000ms
<TIME> finish iter 6 14090000ms
<TIME> finish iter 6 14120000ms
<TIME> finish iter 6 14100000ms
<TIME> finish iter 6 14110000ms
<TIME> finish iter 6 14110000ms
<TIME> finish iter 6 14110000ms
<TIME> finish iter 6 14110000ms
<TIME> finish iter 6 14120000ms
<TIME> finish iter 6 14130000ms
<TIME> finish iter 6 14090000ms
<TIME> finish iter 6 14110000ms
<TIME> finish iter 6 14120000ms
<TIME> finish iter 6 14110000ms
<TIME> finish iter 6 14110000ms
<TIME> finish iter 6 14130000ms
<TIME> [iter=6] llh=-1224.648068 ollh=-1228.793486 1330000ms
<TIME> finish iter 7 12740000ms
<TIME> finish iter 7 14060000ms
<TIME> finish iter 7 14070000ms
<TIME> finish iter 7 14070000ms
<TIME> finish iter 7 14060000ms
<TIME> finish iter 7 14060000ms
<TIME> finish iter 7 14070000ms
<TIME> finish iter 7 14070000ms
<TIME> finish iter 7 14070000ms
<TIME> finish iter 7 14060000ms
<TIME> finish iter 7 14070000ms
<TIME> finish iter 7 14080000ms
<TIME> finish iter 7 14070000ms
<TIME> finish iter 7 14070000ms
<TIME> finish iter 7 14070000ms
<TIME> finish iter 7 14070000ms
<TIME> finish iter 7 14070000ms
<TIME> finish iter 7 14070000ms
<TIME> finish iter 7 14070000ms
<TIME> finish iter 7 14060000ms
<TIME> finish iter 7 14060000ms
<TIME> finish iter 7 14050000ms
<TIME> finish iter 7 14070000ms
<TIME> finish iter 7 14040000ms
<TIME> finish iter 7 14050000ms
<TIME> finish iter 7 14070000ms
<TIME> finish iter 7 14040000ms
<TIME> finish iter 7 14040000ms
<TIME> finish iter 7 14070000ms
<TIME> finish iter 7 14060000ms
<TIME> finish iter 7 14050000ms
<TIME> finish iter 7 14050000ms
<TIME> finish iter 7 14020000ms
<TIME> finish iter 7 14020000ms
<TIME> finish iter 7 14050000ms
<TIME> finish iter 7 14050000ms
<TIME> finish iter 7 14040000ms
<TIME> finish iter 7 14050000ms
<TIME> finish iter 7 14050000ms
<TIME> finish iter 7 14010000ms
<TIME> [iter=7] llh=-1183.666791 ollh=-1224.648068 1300000ms
<TIME> finish iter 8 12540000ms
<TIME> finish iter 8 13950000ms
<TIME> finish iter 8 13950000ms
<TIME> finish iter 8 13950000ms
<TIME> finish iter 8 13960000ms
<TIME> finish iter 8 13960000ms
<TIME> finish iter 8 13960000ms
<TIME> finish iter 8 13960000ms
<TIME> finish iter 8 13950000ms
<TIME> finish iter 8 13960000ms
<TIME> finish iter 8 13950000ms
<TIME> finish iter 8 13950000ms
<TIME> finish iter 8 13960000ms
<TIME> finish iter 8 13960000ms
<TIME> finish iter 8 13950000ms
<TIME> finish iter 8 13950000ms
<TIME> finish iter 8 13930000ms
<TIME> finish iter 8 13950000ms
<TIME> finish iter 8 13940000ms
<TIME> finish iter 8 13960000ms
<TIME> finish iter 8 13950000ms
<TIME> finish iter 8 13940000ms
<TIME> finish iter 8 13960000ms
<TIME> finish iter 8 13960000ms
<TIME> finish iter 8 13960000ms
<TIME> finish iter 8 13960000ms
<TIME> finish iter 8 13950000ms
<TIME> finish iter 8 13940000ms
<TIME> finish iter 8 13920000ms
<TIME> finish iter 8 13950000ms
<TIME> finish iter 8 13950000ms
<TIME> finish iter 8 13950000ms
<TIME> finish iter 8 13950000ms
<TIME> finish iter 8 13960000ms
<TIME> finish iter 8 13950000ms
<TIME> finish iter 8 13950000ms
<TIME> finish iter 8 13950000ms
<TIME> finish iter 8 13960000ms
<TIME> finish iter 8 13940000ms
<TIME> finish iter 8 13950000ms
<TIME> [iter=8] llh=-1158.029458 ollh=-1183.666791 1300000ms
<TIME> finish iter 9 12570000ms
<TIME> finish iter 9 13850000ms
<TIME> finish iter 9 13860000ms
<TIME> finish iter 9 13870000ms
<TIME> finish iter 9 13860000ms
<TIME> finish iter 9 13870000ms
<TIME> finish iter 9 13870000ms
<TIME> finish iter 9 13860000ms
<TIME> finish iter 9 13860000ms
<TIME> finish iter 9 13870000ms
<TIME> finish iter 9 13870000ms
<TIME> finish iter 9 13870000ms
<TIME> finish iter 9 13860000ms
<TIME> finish iter 9 13870000ms
<TIME> finish iter 9 13870000ms
<TIME> finish iter 9 13870000ms
<TIME> finish iter 9 13860000ms
<TIME> finish iter 9 13870000ms
<TIME> finish iter 9 13870000ms
<TIME> finish iter 9 13860000ms
<TIME> finish iter 9 13860000ms
<TIME> finish iter 9 13870000ms
<TIME> finish iter 9 13870000ms
<TIME> finish iter 9 13870000ms
<TIME> finish iter 9 13850000ms
<TIME> finish iter 9 13870000ms
<TIME> finish iter 9 13860000ms
<TIME> finish iter 9 13880000ms
<TIME> finish iter 9 13870000ms
<TIME> finish iter 9 13870000ms
<TIME> finish iter 9 13860000ms
<TIME> finish iter 9 13860000ms
<TIME> finish iter 9 13870000ms
<TIME> finish iter 9 13870000ms
<TIME> finish iter 9 13870000ms
<TIME> finish iter 9 13830000ms
<TIME> finish iter 9 13870000ms
<TIME> finish iter 9 13870000ms
<TIME> finish iter 9 13870000ms
<TIME> finish iter 9 13870000ms
<TIME> [iter=9] llh=-1156.009152 ollh=-1158.029458 1290000ms
<TIME> finish iter 10 12560000ms
<TIME> finish iter 10 13850000ms
<TIME> finish iter 10 13850000ms
<TIME> finish iter 10 13850000ms
<TIME> finish iter 10 13860000ms
<TIME> finish iter 10 13860000ms
<TIME> finish iter 10 13860000ms
<TIME> finish iter 10 13850000ms
<TIME> finish iter 10 13860000ms
<TIME> finish iter 10 13860000ms
<TIME> finish iter 10 13870000ms
<TIME> finish iter 10 13860000ms
<TIME> finish iter 10 13870000ms
<TIME> finish iter 10 13860000ms
<TIME> finish iter 10 13860000ms
<TIME> finish iter 10 13860000ms
<TIME> finish iter 10 13860000ms
<TIME> finish iter 10 13870000ms
<TIME> finish iter 10 13860000ms
<TIME> finish iter 10 13870000ms
<TIME> finish iter 10 13870000ms
<TIME> finish iter 10 13860000ms
<TIME> finish iter 10 13850000ms
<TIME> finish iter 10 13860000ms
<TIME> finish iter 10 13870000ms
<TIME> finish iter 10 13860000ms
<TIME> finish iter 10 13870000ms
<TIME> finish iter 10 13860000ms
<TIME> finish iter 10 13840000ms
<TIME> finish iter 10 13870000ms
<TIME> finish iter 10 13800000ms
<TIME> finish iter 10 13860000ms
<TIME> finish iter 10 13870000ms
<TIME> finish iter 10 13860000ms
<TIME> finish iter 10 13840000ms
<TIME> finish iter 10 13860000ms
<TIME> finish iter 10 13870000ms
<TIME> finish iter 10 13860000ms
<TIME> finish iter 10 13860000ms
<TIME> finish iter 10 13840000ms
<TIME> [iter=10] llh=-1144.670560 ollh=-1156.009152 1290000ms
<TIME> finish iter 11 12630000ms
<TIME> finish iter 11 13930000ms
<TIME> finish iter 11 13920000ms
<TIME> finish iter 11 13920000ms
<TIME> finish iter 11 13930000ms
<TIME> finish iter 11 13910000ms
<TIME> finish iter 11 13930000ms
<TIME> finish iter 11 13920000ms
<TIME> finish iter 11 13930000ms
<TIME> finish iter 11 13920000ms
<TIME> finish iter 11 13930000ms
<TIME> finish iter 11 13920000ms
<TIME> finish iter 11 13920000ms
<TIME> finish iter 11 13920000ms
<TIME> finish iter 11 13920000ms
<TIME> finish iter 11 13930000ms
<TIME> finish iter 11 13920000ms
<TIME> finish iter 11 13920000ms
<TIME> finish iter 11 13910000ms
<TIME> finish iter 11 13920000ms
<TIME> finish iter 11 13920000ms
<TIME> finish iter 11 13920000ms
<TIME> finish iter 11 13910000ms
<TIME> finish iter 11 13920000ms
<TIME> finish iter 11 13920000ms
<TIME> finish iter 11 13920000ms
<TIME> finish iter 11 13900000ms
<TIME> finish iter 11 13920000ms
<TIME> finish iter 11 13920000ms
<TIME> finish iter 11 13920000ms
<TIME> finish iter 11 13920000ms
<TIME> finish iter 11 13920000ms
<TIME> finish iter 11 13920000ms
<TIME> finish iter 11 13920000ms
<TIME> finish iter 11 13930000ms
<TIME> finish iter 11 13880000ms
<TIME> finish iter 11 13910000ms
<TIME> finish iter 11 13920000ms
<TIME> finish iter 11 13920000ms
<TIME> finish iter 11 13920000ms
<TIME> [iter=11] llh=-1147.802046 ollh=-1144.670560 1290000ms
<TIME> finish iter 12 12530000ms
<TIME> finish iter 12 13810000ms
<TIME> finish iter 12 13880000ms
<TIME> finish iter 12 13870000ms
<TIME> finish iter 12 13870000ms
<TIME> finish iter 12 13850000ms
<TIME> finish iter 12 13880000ms
<TIME> finish iter 12 13870000ms
<TIME> finish iter 12 13870000ms
<TIME> finish iter 12 13860000ms
<TIME> finish iter 12 13870000ms
<TIME> finish iter 12 13860000ms
<TIME> finish iter 12 13880000ms
<TIME> finish iter 12 13880000ms
<TIME> finish iter 12 13870000ms
<TIME> finish iter 12 13860000ms
<TIME> finish iter 12 13860000ms
<TIME> finish iter 12 13870000ms
<TIME> finish iter 12 13870000ms
<TIME> finish iter 12 13860000ms
<TIME> finish iter 12 13870000ms
<TIME> finish iter 12 13870000ms
<TIME> finish iter 12 13870000ms
<TIME> finish iter 12 13870000ms
<TIME> finish iter 12 13870000ms
<TIME> finish iter 12 13850000ms
<TIME> finish iter 12 13870000ms
<TIME> finish iter 12 13880000ms
<TIME> finish iter 12 13880000ms
<TIME> finish iter 12 13870000ms
<TIME> finish iter 12 13870000ms
<TIME> finish iter 12 13880000ms
<TIME> finish iter 12 13840000ms
<TIME> finish iter 12 13860000ms
<TIME> finish iter 12 13880000ms
<TIME> finish iter 12 13870000ms
<TIME> finish iter 12 13870000ms
<TIME> finish iter 12 13850000ms
<TIME> finish iter 12 13870000ms
<TIME> finish iter 12 13870000ms
<TIME> [iter=12] llh=-1138.439304 ollh=-1147.802046 1290000ms
<TIME> finish iter 13 12580000ms
<TIME> finish iter 13 13880000ms
<TIME> finish iter 13 13860000ms
<TIME> finish iter 13 13870000ms
<TIME> finish iter 13 13870000ms
<TIME> finish iter 13 13880000ms
<TIME> finish iter 13 13870000ms
<TIME> finish iter 13 13870000ms
<TIME> finish iter 13 13870000ms
<TIME> finish iter 13 13870000ms
<TIME> finish iter 13 13880000ms
<TIME> finish iter 13 13880000ms
<TIME> finish iter 13 13870000ms
<TIME> finish iter 13 13870000ms
<TIME> finish iter 13 13870000ms
<TIME> finish iter 13 13880000ms
<TIME> finish iter 13 13870000ms
<TIME> finish iter 13 13880000ms
<TIME> finish iter 13 13870000ms
<TIME> finish iter 13 13850000ms
<TIME> finish iter 13 13880000ms
<TIME> finish iter 13 13880000ms
<TIME> finish iter 13 13880000ms
<TIME> finish iter 13 13860000ms
<TIME> finish iter 13 13870000ms
<TIME> finish iter 13 13860000ms
<TIME> finish iter 13 13870000ms
<TIME> finish iter 13 13870000ms
<TIME> finish iter 13 13870000ms
<TIME> finish iter 13 13860000ms
<TIME> finish iter 13 13880000ms
<TIME> finish iter 13 13870000ms
<TIME> finish iter 13 13880000ms
<TIME> finish iter 13 13860000ms
<TIME> finish iter 13 13870000ms
<TIME> finish iter 13 13880000ms
<TIME> finish iter 13 13840000ms
<TIME> finish iter 13 13860000ms
<TIME> finish iter 13 13860000ms
<TIME> finish iter 13 13870000ms
<TIME> [iter=13] llh=-1138.297828 ollh=-1138.439304 1290000ms
<TIME> finish iter 14 12560000ms
<TIME> finish iter 14 13890000ms
<TIME> finish iter 14 13880000ms
<TIME> finish iter 14 13880000ms
<TIME> finish iter 14 13870000ms
<TIME> finish iter 14 13890000ms
<TIME> finish iter 14 13890000ms
<TIME> finish iter 14 13890000ms
<TIME> finish iter 14 13880000ms
<TIME> finish iter 14 13890000ms
<TIME> finish iter 14 13880000ms
<TIME> finish iter 14 13880000ms
<TIME> finish iter 14 13900000ms
<TIME> finish iter 14 13890000ms
<TIME> finish iter 14 13890000ms
<TIME> finish iter 14 13890000ms
<TIME> finish iter 14 13890000ms
<TIME> finish iter 14 13880000ms
<TIME> finish iter 14 13890000ms
<TIME> finish iter 14 13880000ms
<TIME> finish iter 14 13880000ms
<TIME> finish iter 14 13880000ms
<TIME> finish iter 14 13890000ms
<TIME> finish iter 14 13880000ms
<TIME> finish iter 14 13870000ms
<TIME> finish iter 14 13880000ms
<TIME> finish iter 14 13880000ms
<TIME> finish iter 14 13890000ms
<TIME> finish iter 14 13890000ms
<TIME> finish iter 14 13860000ms
<TIME> finish iter 14 13880000ms
<TIME> finish iter 14 13790000ms
<TIME> finish iter 14 13890000ms
<TIME> finish iter 14 13890000ms
<TIME> finish iter 14 13890000ms
<TIME> finish iter 14 13880000ms
<TIME> finish iter 14 13880000ms
<TIME> finish iter 14 13840000ms
<TIME> finish iter 14 13890000ms
<TIME> finish iter 14 13890000ms
<TIME> [iter=14] llh=-1138.305197 ollh=-1138.297828 1290000ms
	llh converged
delta: 0.00736922 0.1
Total learning time: 197934.348337
Total learning time: 197957.487633
Total learning time: 197854.096239
Total learning time: 197850.830292
Total learning time: 197944.218742
Total learning time: 197860.761913
Total learning time: 197851.751172
Total learning time: 197939.666695
Total learning time: 197948.843757
Total learning time: 197849.582848
Total learning time: 197930.712253
Total learning time: 197930.944603
Total learning time: 197943.750225
Total learning time: 197963.000565
Total learning time: 197828.946508
Total learning time: 197939.539295
Total learning time: 197920.391956
Total learning time: 197931.632032
Total learning time: 197877.135204
Total learning time: 197953.717070
Total learning time: 197943.931355
Total learning time: 197858.093866
Total learning time: 197850.511576
Total learning time: 197915.357013
Total learning time: 197867.278960
Total learning time: 197866.890685
Total learning time: 197856.745286
Total learning time: 197880.244271
Total learning time: 197832.880383
Total learning time: 197839.756012
Total learning time: 197934.471584
Total learning time: 197925.091766
Total learning time: 197850.995900
Total learning time: 197832.987973
Total learning time: 197957.091293
Total learning time: 197956.182857
Total learning time: 197935.516743
Total learning time: 197865.195099
Total learning time: 197833.493225
Total learning time: 197879.977088
---> complete left half and output /scratch/cse-zhengyl/results/olivetti/completions/olive-left.dat
---> complete left half and output /scratch/cse-zhengyl/results/olivetti/completions/olive-left.dat
<TIME> before comolete left half 1180000ms
---> complete left half and output /scratch/cse-zhengyl/results/olivetti/completions/olive-left.dat
<TIME> before comolete left half 1170000ms
---> complete left half and output /scratch/cse-zhengyl/results/olivetti/completions/olive-left.dat
<TIME> before comolete left half 1210000ms
---> complete left half and output /scratch/cse-zhengyl/results/olivetti/completions/olive-left.dat
<TIME> before comolete left half 1190000ms
---> complete left half and output /scratch/cse-zhengyl/results/olivetti/completions/olive-left.dat
<TIME> before comolete left half 1200000ms
---> complete left half and output /scratch/cse-zhengyl/results/olivetti/completions/olive-left.dat
<TIME> before comolete left half 1190000ms
---> complete left half and output /scratch/cse-zhengyl/results/olivetti/completions/olive-left.dat
<TIME> before comolete left half 1200000ms
---> complete left half and output /scratch/cse-zhengyl/results/olivetti/completions/olive-left.dat
<TIME> before comolete left half 1190000ms
---> complete left half and output /scratch/cse-zhengyl/results/olivetti/completions/olive-left.dat
<TIME> before comolete left half 1200000ms
---> complete left half and output /scratch/cse-zhengyl/results/olivetti/completions/olive-left.dat
<TIME> before comolete left half 1180000ms
---> complete left half and output /scratch/cse-zhengyl/results/olivetti/completions/olive-left.dat
<TIME> before comolete left half 1200000ms
---> complete left half and output /scratch/cse-zhengyl/results/olivetti/completions/olive-left.dat
<TIME> before comolete left half 1180000ms
---> complete left half and output /scratch/cse-zhengyl/results/olivetti/completions/olive-left.dat
---> complete left half and output /scratch/cse-zhengyl/results/olivetti/completions/olive-left.dat
<TIME> before comolete left half 1190000ms
---> complete left half and output /scratch/cse-zhengyl/results/olivetti/completions/olive-left.dat
<TIME> before comolete left half 1200000ms
---> complete left half and output /scratch/cse-zhengyl/results/olivetti/completions/olive-left.dat
---> complete left half and output /scratch/cse-zhengyl/results/olivetti/completions/olive-left.dat
---> complete left half and output /scratch/cse-zhengyl/results/olivetti/completions/olive-left.dat
---> complete left half and output /scratch/cse-zhengyl/results/olivetti/completions/olive-left.dat
---> complete left half and output /scratch/cse-zhengyl/results/olivetti/completions/olive-left.dat
---> complete left half and output /scratch/cse-zhengyl/results/olivetti/completions/olive-left.dat
---> complete left half and output /scratch/cse-zhengyl/results/olivetti/completions/olive-left.dat
---> complete left half and output /scratch/cse-zhengyl/results/olivetti/completions/olive-left.dat
---> complete left half and output /scratch/cse-zhengyl/results/olivetti/completions/olive-left.dat
---> complete left half and output /scratch/cse-zhengyl/results/olivetti/completions/olive-left.dat
---> complete left half and output /scratch/cse-zhengyl/results/olivetti/completions/olive-left.dat
---> complete left half and output /scratch/cse-zhengyl/results/olivetti/completions/olive-left.dat
---> complete left half and output /scratch/cse-zhengyl/results/olivetti/completions/olive-left.dat
<TIME> before comolete left half 1200000ms
---> complete left half and output /scratch/cse-zhengyl/results/olivetti/completions/olive-left.dat
<TIME> before comolete left half 1210000ms
---> complete left half and output /scratch/cse-zhengyl/results/olivetti/completions/olive-left.dat
<TIME> before comolete left half 1210000ms
---> complete left half and output /scratch/cse-zhengyl/results/olivetti/completions/olive-left.dat
<TIME> before comolete left half 1210000ms
---> complete left half and output /scratch/cse-zhengyl/results/olivetti/completions/olive-left.dat
<TIME> before comolete left half 1220000ms
---> complete left half and output /scratch/cse-zhengyl/results/olivetti/completions/olive-left.dat
<TIME> before comolete left half 1200000ms
---> complete left half and output /scratch/cse-zhengyl/results/olivetti/completions/olive-left.dat
---> complete left half and output /scratch/cse-zhengyl/results/olivetti/completions/olive-left.dat
<TIME> before comolete left half 1200000ms
---> complete left half and output /scratch/cse-zhengyl/results/olivetti/completions/olive-left.dat
<TIME> before comolete left half 1190000ms
---> complete left half and output /scratch/cse-zhengyl/results/olivetti/completions/olive-left.dat
<TIME> before comolete left half 1210000ms
---> complete left half and output /scratch/cse-zhengyl/results/olivetti/completions/olive-left.dat
<TIME> before comolete left half 1200000ms
---> complete bottom half and output /scratch/cse-zhengyl/results/olivetti/completions/olive-btm.dat
<TIME> before comolete bottom half 1210000ms
---> complete bottom half and output /scratch/cse-zhengyl/results/olivetti/completions/olive-btm.dat
<TIME> before comolete bottom half 1210000ms
---> complete bottom half and output /scratch/cse-zhengyl/results/olivetti/completions/olive-btm.dat
<TIME> before comolete bottom half 1210000ms
---> complete bottom half and output /scratch/cse-zhengyl/results/olivetti/completions/olive-btm.dat
<TIME> before comolete bottom half 1210000ms
---> complete bottom half and output /scratch/cse-zhengyl/results/olivetti/completions/olive-btm.dat
<TIME> before comolete bottom half 1210000ms
---> complete bottom half and output /scratch/cse-zhengyl/results/olivetti/completions/olive-btm.dat
<TIME> before comolete bottom half 1200000ms
---> complete bottom half and output /scratch/cse-zhengyl/results/olivetti/completions/olive-btm.dat
<TIME> before comolete bottom half 1210000ms
---> complete bottom half and output /scratch/cse-zhengyl/results/olivetti/completions/olive-btm.dat
<TIME> before comolete bottom half 1200000ms
---> complete bottom half and output /scratch/cse-zhengyl/results/olivetti/completions/olive-btm.dat
<TIME> before comolete bottom half 1210000ms
---> complete bottom half and output /scratch/cse-zhengyl/results/olivetti/completions/olive-btm.dat
<TIME> before comolete bottom half 1220000ms
---> complete bottom half and output /scratch/cse-zhengyl/results/olivetti/completions/olive-btm.dat
<TIME> before comolete bottom half 1200000ms
---> complete bottom half and output /scratch/cse-zhengyl/results/olivetti/completions/olive-btm.dat
<TIME> before comolete bottom half 1200000ms
---> complete bottom half and output /scratch/cse-zhengyl/results/olivetti/completions/olive-btm.dat
<TIME> before comolete bottom half 1210000ms
---> complete bottom half and output /scratch/cse-zhengyl/results/olivetti/completions/olive-btm.dat
<TIME> before comolete bottom half 1190000ms
<TIME> Complete left by Marginal 350000ms
<TIME> before comolete left half 0ms
<TIME> Complete left by Marginal 330000ms
<TIME> before comolete left half 0ms
<TIME> Complete left by Marginal 340000ms
<TIME> before comolete left half 0ms
<TIME> Complete left by Marginal 330000ms
<TIME> before comolete left half 0ms
<TIME> Complete left by Marginal 330000ms
<TIME> before comolete left half 0ms
<TIME> Complete left by Marginal 340000ms
<TIME> before comolete left half 0ms
<TIME> Complete left by Marginal 330000ms
<TIME> before comolete left half 0ms
<TIME> Complete left by Marginal 340000ms
<TIME> before comolete left half 0ms
<TIME> Complete left by Marginal 330000ms
<TIME> before comolete left half 0ms
<TIME> Complete left by Marginal 340000ms
<TIME> before comolete left half 0ms
<TIME> Complete left by Marginal 340000ms
<TIME> before comolete left half 0ms
<TIME> Complete left by Marginal 330000ms
<TIME> before comolete left half 0ms
<TIME> Complete left by Marginal 340000ms
<TIME> before comolete left half 0ms
<TIME> Complete left by Marginal 340000ms
<TIME> before comolete left half 0ms
<TIME> Complete left by Marginal 350000ms
<TIME> before comolete left half 0ms
<TIME> Complete left by Marginal 340000ms
<TIME> before comolete left half 0ms
<TIME> Complete left by Marginal 330000ms
<TIME> before comolete left half 0ms
<TIME> Complete left by Marginal 350000ms
<TIME> before comolete left half 0ms
<TIME> Complete left by Marginal 340000ms
<TIME> before comolete left half 0ms
<TIME> Complete left by Marginal 330000ms
<TIME> before comolete left half 0ms
<TIME> Complete left by Marginal 330000ms
<TIME> before comolete left half 0ms
<TIME> Complete left by Marginal 340000ms
<TIME> before comolete left half 0ms
<TIME> Complete left by Marginal 350000ms
<TIME> before comolete left half 0ms
<TIME> Complete left by Marginal 350000ms
<TIME> before comolete left half 0ms
<TIME> Complete bottom by Marginal 330000ms
<TIME> before comolete bottom half 0ms
<TIME> Complete bottom by Marginal 330000ms
<TIME> before comolete bottom half 0ms
<TIME> Complete bottom by Marginal 330000ms
<TIME> before comolete bottom half 0ms
<TIME> Complete bottom by Marginal 330000ms
<TIME> before comolete bottom half 0ms
<TIME> Complete bottom by Marginal 340000ms
<TIME> before comolete bottom half 0ms
<TIME> Complete bottom by Marginal 340000ms
<TIME> before comolete bottom half 0ms
<TIME> Complete bottom by Marginal 340000ms
<TIME> before comolete bottom half 0ms
<TIME> Complete bottom by Marginal 340000ms
<TIME> before comolete bottom half 0ms
<TIME> Complete bottom by Marginal 340000ms
<TIME> before comolete bottom half 0ms
<TIME> Complete bottom by Marginal 340000ms
<TIME> before comolete bottom half 0ms
<TIME> Complete bottom by Marginal 330000ms
<TIME> before comolete bottom half 0ms
<TIME> Complete bottom by Marginal 340000ms
<TIME> before comolete bottom half 0ms
<TIME> Complete bottom by Marginal 340000ms
<TIME> before comolete bottom half 0ms
<TIME> Complete bottom by Marginal 340000ms
<TIME> before comolete bottom half 0ms
<TIME> Complete left by Marginal 310000ms
<TIME> Complete left by Marginal 310000ms
<TIME> Complete left by Marginal 320000ms
<TIME> Complete left by Marginal 310000ms
<TIME> Complete left by Marginal 310000ms
<TIME> Complete left by Marginal 320000ms
<TIME> Complete left by Marginal 320000ms
<TIME> Complete left by Marginal 310000ms
<TIME> Complete left by Marginal 320000ms
<TIME> Complete left by Marginal 320000ms
<TIME> Complete left by Marginal 310000ms
<TIME> Complete left by Marginal 320000ms
<TIME> Complete left by Marginal 320000ms
<TIME> Complete left by Marginal 320000ms
<TIME> Complete left by Marginal 310000ms
<TIME> Complete left by Marginal 320000ms
<TIME> Complete left by Marginal 320000ms
<TIME> Complete left by Marginal 320000ms
<TIME> Complete left by Marginal 310000ms
<TIME> Complete bottom by Marginal 320000ms
<TIME> before comolete bottom half 0ms
<TIME> Complete bottom by Marginal 310000ms
<TIME> before comolete bottom half 0ms
<TIME> Complete left by Marginal 360000ms
<TIME> Complete left by Marginal 350000ms
<TIME> Complete left by Marginal 360000ms
<TIME> Complete left by Marginal 360000ms
<TIME> Complete bottom by Marginal 350000ms
<TIME> before comolete bottom half 0ms
<TIME> Complete bottom by Marginal 360000ms
<TIME> before comolete bottom half 0ms
<TIME> Complete bottom by Marginal 360000ms
<TIME> before comolete bottom half 0ms
<TIME> Complete bottom by Marginal 360000ms
<TIME> before comolete bottom half 0ms
<TIME> Complete bottom by Marginal 350000ms
<TIME> before comolete bottom half 0ms
<TIME> Complete bottom by Marginal 350000ms
<TIME> before comolete bottom half 0ms
<TIME> Complete bottom by Marginal 360000ms
<TIME> before comolete bottom half 0ms
<TIME> Complete bottom by Marginal 360000ms
<TIME> before comolete bottom half 0ms
<TIME> Complete bottom by Marginal 360000ms
<TIME> before comolete bottom half 0ms
<TIME> Complete bottom by Marginal 360000ms
<TIME> before comolete bottom half 0ms
<TIME> Complete left by Marginal 380000ms
<TIME> Complete bottom by Marginal 360000ms
<TIME> before comolete bottom half 0ms
<TIME> Complete bottom by Marginal 370000ms
<TIME> before comolete bottom half 0ms
---> complete left half and output /scratch/cse-zhengyl/results/olivetti/completions/olive-left.dat
<TIME> before comolete left half 1910000ms
<TIME> Complete bottom by Marginal 340000ms
<TIME> before comolete bottom half 0ms
<TIME> Complete bottom by Marginal 300000ms
<TIME> before comolete bottom half 0ms
<TIME> Complete bottom by Marginal 300000ms
<TIME> before comolete bottom half 0ms
<TIME> Complete bottom by Marginal 310000ms
<TIME> before comolete bottom half 0ms
<TIME> Complete bottom by Marginal 300000ms
<TIME> before comolete bottom half 0ms
<TIME> Complete bottom by Marginal 300000ms
<TIME> before comolete bottom half 0ms
<TIME> Complete bottom by Marginal 300000ms
<TIME> before comolete bottom half 0ms
<TIME> Complete bottom by Marginal 310000ms
<TIME> before comolete bottom half 0ms
<TIME> Complete bottom by Marginal 300000ms
<TIME> before comolete bottom half 0ms
<TIME> Complete bottom by Marginal 300000ms
<TIME> before comolete bottom half 0ms
<TIME> Complete bottom by Marginal 310000ms
<TIME> before comolete bottom half 0ms
<TIME> Complete bottom by Marginal 300000ms
<TIME> before comolete bottom half 0ms
<TIME> Complete bottom by Marginal 350000ms
<TIME> before comolete bottom half 0ms
<TIME> Complete bottom by Marginal 300000ms
<TIME> before comolete bottom half 0ms
<TIME> Complete left by Marginal 290000ms
<TIME> before comolete left half 0ms
<TIME> Complete bottom by Marginal 300000ms
<TIME> before comolete bottom half 0ms
<TIME> Complete bottom by Marginal 300000ms
<TIME> before comolete bottom half 0ms
<TIME> Complete bottom by Marginal 290000ms
<TIME> before comolete bottom half 0ms
<TIME> Complete bottom by Marginal 300000ms
<TIME> before comolete bottom half 0ms
<TIME> Complete bottom by Marginal 300000ms
<TIME> before comolete bottom half 0ms
<TIME> Complete bottom by Marginal 300000ms
<TIME> before comolete bottom half 0ms
<TIME> Complete bottom by Marginal 300000ms
<TIME> before comolete bottom half 0ms
<TIME> Complete bottom by Marginal 300000ms
<TIME> before comolete bottom half 0ms
<TIME> Complete bottom by Marginal 300000ms
<TIME> before comolete bottom half 0ms
<TIME> Complete bottom by Marginal 300000ms
<TIME> before comolete bottom half 0ms
<TIME> Complete bottom by Marginal 300000ms
<TIME> before comolete bottom half 0ms
<TIME> Complete bottom by Marginal 300000ms
<TIME> before comolete bottom half 0ms
<TIME> Complete bottom by Marginal 320000ms
<TIME> before comolete bottom half 0ms
<TIME> Complete bottom by Marginal 300000ms
<TIME> before comolete bottom half 0ms
<TIME> Complete left by Marginal 260000ms
---> complete bottom half and output /scratch/cse-zhengyl/results/olivetti/completions/olive-btm.dat
<TIME> before comolete bottom half 30000ms
---> complete bottom half and output /scratch/cse-zhengyl/results/olivetti/completions/olive-btm.dat
<TIME> before comolete bottom half 720000ms
---> complete bottom half and output /scratch/cse-zhengyl/results/olivetti/completions/olive-btm.dat
<TIME> before comolete bottom half 730000ms
---> complete bottom half and output /scratch/cse-zhengyl/results/olivetti/completions/olive-btm.dat
<TIME> before comolete bottom half 730000ms
---> complete bottom half and output /scratch/cse-zhengyl/results/olivetti/completions/olive-btm.dat
<TIME> before comolete bottom half 740000ms
---> complete bottom half and output /scratch/cse-zhengyl/results/olivetti/completions/olive-btm.dat
<TIME> before comolete bottom half 740000ms
---> complete bottom half and output /scratch/cse-zhengyl/results/olivetti/completions/olive-btm.dat
<TIME> before comolete bottom half 750000ms
---> complete bottom half and output /scratch/cse-zhengyl/results/olivetti/completions/olive-btm.dat
<TIME> before comolete bottom half 750000ms
---> complete bottom half and output /scratch/cse-zhengyl/results/olivetti/completions/olive-btm.dat
<TIME> before comolete bottom half 750000ms
---> complete bottom half and output /scratch/cse-zhengyl/results/olivetti/completions/olive-btm.dat
<TIME> before comolete bottom half 750000ms
---> complete bottom half and output /scratch/cse-zhengyl/results/olivetti/completions/olive-btm.dat
<TIME> before comolete bottom half 760000ms
---> complete bottom half and output /scratch/cse-zhengyl/results/olivetti/completions/olive-btm.dat
<TIME> before comolete bottom half 780000ms
---> complete bottom half and output /scratch/cse-zhengyl/results/olivetti/completions/olive-btm.dat
<TIME> before comolete bottom half 770000ms
---> complete bottom half and output /scratch/cse-zhengyl/results/olivetti/completions/olive-btm.dat
<TIME> before comolete bottom half 780000ms
---> complete bottom half and output /scratch/cse-zhengyl/results/olivetti/completions/olive-btm.dat
<TIME> before comolete bottom half 780000ms
---> complete bottom half and output /scratch/cse-zhengyl/results/olivetti/completions/olive-btm.dat
<TIME> before comolete bottom half 790000ms
---> complete bottom half and output /scratch/cse-zhengyl/results/olivetti/completions/olive-btm.dat
<TIME> before comolete bottom half 800000ms
---> complete bottom half and output /scratch/cse-zhengyl/results/olivetti/completions/olive-btm.dat
<TIME> before comolete bottom half 800000ms
---> complete bottom half and output /scratch/cse-zhengyl/results/olivetti/completions/olive-btm.dat
<TIME> before comolete bottom half 780000ms
---> complete bottom half and output /scratch/cse-zhengyl/results/olivetti/completions/olive-btm.dat
<TIME> before comolete bottom half 770000ms
---> complete bottom half and output /scratch/cse-zhengyl/results/olivetti/completions/olive-btm.dat
<TIME> before comolete bottom half 770000ms
---> complete bottom half and output /scratch/cse-zhengyl/results/olivetti/completions/olive-btm.dat
<TIME> before comolete bottom half 800000ms
---> complete bottom half and output /scratch/cse-zhengyl/results/olivetti/completions/olive-btm.dat
<TIME> before comolete bottom half 780000ms
---> complete bottom half and output /scratch/cse-zhengyl/results/olivetti/completions/olive-btm.dat
<TIME> before comolete bottom half 760000ms
---> complete bottom half and output /scratch/cse-zhengyl/results/olivetti/completions/olive-btm.dat
---> complete bottom half and output /scratch/cse-zhengyl/results/olivetti/completions/olive-btm.dat
<TIME> before comolete bottom half 760000ms
<TIME> Complete bottom by Marginal 310000ms
<TIME> before comolete bottom half 0ms
<TIME> Complete bottom by Marginal 300000ms
<TIME> before comolete bottom half 0ms
<TIME> Complete bottom by Marginal 310000ms
<TIME> before comolete bottom half 0ms
<TIME> Complete bottom by Marginal 310000ms
<TIME> before comolete bottom half 0ms
<TIME> Complete bottom by Marginal 310000ms
<TIME> before comolete bottom half 0ms
<TIME> Complete bottom by Marginal 310000ms
<TIME> before comolete bottom half 0ms
<TIME> Complete bottom by Marginal 310000ms
<TIME> before comolete bottom half 0ms
<TIME> Complete bottom by Marginal 310000ms
<TIME> before comolete bottom half 0ms
<TIME> Complete bottom by Marginal 310000ms
<TIME> before comolete bottom half 0ms
<TIME> Complete bottom by Marginal 310000ms
<TIME> before comolete bottom half 0ms
<TIME> Complete bottom by Marginal 310000ms
<TIME> before comolete bottom half 0ms
<TIME> Complete bottom by Marginal 310000ms
<TIME> before comolete bottom half 0ms
<TIME> Complete bottom by Marginal 310000ms
<TIME> before comolete bottom half 0ms
<TIME> Complete bottom by Marginal 310000ms
<TIME> before comolete bottom half 0ms
<TIME> Complete bottom by Marginal 310000ms
<TIME> before comolete bottom half 0ms
<TIME> Complete bottom by Marginal 310000ms
<TIME> before comolete bottom half 0ms
<TIME> Complete bottom by Marginal 320000ms
<TIME> before comolete bottom half 0ms
<TIME> Complete bottom by Marginal 310000ms
<TIME> before comolete bottom half 0ms
<TIME> Complete bottom by Marginal 310000ms
<TIME> before comolete bottom half 0ms
<TIME> Complete bottom by Marginal 320000ms
<TIME> before comolete bottom half 0ms
<TIME> Complete bottom by Marginal 310000ms
<TIME> before comolete bottom half 0ms
<TIME> Complete bottom by Marginal 320000ms
<TIME> before comolete bottom half 0ms
<TIME> Complete bottom by Marginal 320000ms
<TIME> before comolete bottom half 0ms
<TIME> Complete bottom by Marginal 320000ms
<TIME> before comolete bottom half 0ms
<TIME> Complete bottom by Marginal 320000ms
<TIME> before comolete bottom half 0ms
<TIME> Complete bottom by Marginal 320000ms
<TIME> before comolete bottom half 0ms
<TIME> Complete bottom by Marginal 320000ms
<TIME> before comolete bottom half 0ms
<TIME> Complete bottom by Marginal 310000ms
<TIME> before comolete bottom half 0ms
<TIME> Complete bottom by Marginal 310000ms
<TIME> before comolete bottom half 0ms
<TIME> Complete bottom by Marginal 310000ms
<TIME> before comolete bottom half 0ms
<TIME> Complete bottom by Marginal 320000ms
<TIME> before comolete bottom half 0ms
<TIME> Complete bottom by Marginal 320000ms
<TIME> before comolete bottom half 0ms
<TIME> Complete bottom by Marginal 310000ms
<TIME> before comolete bottom half 0ms
<TIME> Complete bottom by Marginal 320000ms
<TIME> before comolete bottom half 0ms
<TIME> Complete bottom by Marginal 320000ms
<TIME> before comolete bottom half 0ms
<TIME> Complete bottom by Marginal 320000ms
<TIME> before comolete bottom half 0ms
<TIME> Complete bottom by Marginal 320000ms
<TIME> before comolete bottom half 0ms
<TIME> Complete bottom by Marginal 330000ms
<TIME> before comolete bottom half 0ms
<TIME> Complete bottom by Marginal 370000ms
<TIME> before comolete bottom half 0ms
<TIME> Complete bottom by Marginal 310000ms
<TIME> before comolete bottom half 0ms
<TIME> Complete bottom by Marginal 310000ms
<TIME> before comolete bottom half 0ms
<TIME> Complete bottom by Marginal 320000ms
<TIME> before comolete bottom half 0ms
<TIME> Complete bottom by Marginal 320000ms
<TIME> before comolete bottom half 0ms
<TIME> Complete bottom by Marginal 320000ms
<TIME> before comolete bottom half 0ms
<TIME> Complete bottom by Marginal 310000ms
<TIME> before comolete bottom half 0ms
<TIME> Complete bottom by Marginal 320000ms
<TIME> before comolete bottom half 0ms
<TIME> Complete bottom by Marginal 310000ms
<TIME> before comolete bottom half 0ms
<TIME> Complete bottom by Marginal 320000ms
<TIME> before comolete bottom half 0ms
<TIME> Complete bottom by Marginal 310000ms
<TIME> before comolete bottom half 0ms
<TIME> Complete bottom by Marginal 310000ms
<TIME> before comolete bottom half 0ms
<TIME> Complete bottom by Marginal 320000ms
<TIME> before comolete bottom half 0ms
<TIME> Complete bottom by Marginal 320000ms
<TIME> before comolete bottom half 0ms
<TIME> Complete bottom by Marginal 320000ms
<TIME> before comolete bottom half 0ms
<TIME> Complete bottom by Marginal 320000ms
<TIME> before comolete bottom half 0ms
<TIME> Complete bottom by Marginal 320000ms
<TIME> before comolete bottom half 0ms
<TIME> Complete bottom by Marginal 320000ms
<TIME> before comolete bottom half 0ms
<TIME> Complete bottom by Marginal 320000ms
<TIME> before comolete bottom half 0ms
<TIME> Complete bottom by Marginal 320000ms
<TIME> before comolete bottom half 0ms
<TIME> Complete bottom by Marginal 320000ms
<TIME> before comolete bottom half 0ms
<TIME> Complete bottom by Marginal 310000ms
<TIME> before comolete bottom half 0ms
<TIME> Complete bottom by Marginal 320000ms
<TIME> before comolete bottom half 0ms
<TIME> Complete bottom by Marginal 320000ms
<TIME> before comolete bottom half 0ms
<TIME> Complete bottom by Marginal 320000ms
<TIME> before comolete bottom half 0ms
<TIME> Complete bottom by Marginal 310000ms
<TIME> before comolete bottom half 0ms
<TIME> Complete bottom by Marginal 320000ms
<TIME> before comolete bottom half 0ms
<TIME> Complete bottom by Marginal 320000ms
<TIME> before comolete bottom half 0ms
<TIME> Complete bottom by Marginal 320000ms
<TIME> before comolete bottom half 0ms
<TIME> Complete bottom by Marginal 320000ms
<TIME> before comolete bottom half 0ms
<TIME> Complete bottom by Marginal 320000ms
<TIME> before comolete bottom half 0ms
<TIME> Complete bottom by Marginal 310000ms
<TIME> before comolete bottom half 0ms
<TIME> Complete bottom by Marginal 320000ms
<TIME> before comolete bottom half 0ms
<TIME> Complete bottom by Marginal 320000ms
<TIME> before comolete bottom half 0ms
<TIME> Complete bottom by Marginal 320000ms
<TIME> before comolete bottom half 0ms
<TIME> Complete bottom by Marginal 320000ms
<TIME> before comolete bottom half 0ms
<TIME> Complete bottom by Marginal 320000ms
<TIME> before comolete bottom half 0ms
<TIME> Complete bottom by Marginal 330000ms
<TIME> before comolete bottom half 0ms
<TIME> Complete bottom by Marginal 330000ms
<TIME> before comolete bottom half 0ms
<TIME> Complete bottom by Marginal 320000ms
<TIME> before comolete bottom half 0ms
<TIME> Complete bottom by Marginal 320000ms
<TIME> before comolete bottom half 0ms
<TIME> Complete bottom by Marginal 310000ms
<TIME> before comolete bottom half 0ms
<TIME> Complete bottom by Marginal 320000ms
<TIME> before comolete bottom half 0ms
<TIME> Complete bottom by Marginal 310000ms
<TIME> before comolete bottom half 0ms
<TIME> Complete bottom by Marginal 310000ms
<TIME> before comolete bottom half 0ms
<TIME> Complete bottom by Marginal 310000ms
<TIME> before comolete bottom half 0ms
<TIME> Complete bottom by Marginal 310000ms
<TIME> before comolete bottom half 0ms
<TIME> Complete bottom by Marginal 320000ms
<TIME> before comolete bottom half 0ms
<TIME> Complete bottom by Marginal 320000ms
<TIME> before comolete bottom half 0ms
<TIME> Complete bottom by Marginal 320000ms
<TIME> before comolete bottom half 0ms
<TIME> Complete bottom by Marginal 320000ms
<TIME> before comolete bottom half 0ms
<TIME> Complete bottom by Marginal 320000ms
<TIME> before comolete bottom half 0ms
<TIME> Complete bottom by Marginal 310000ms
<TIME> before comolete bottom half 0ms
<TIME> Complete bottom by Marginal 310000ms
<TIME> before comolete bottom half 0ms
<TIME> Complete bottom by Marginal 320000ms
<TIME> before comolete bottom half 0ms
<TIME> Complete bottom by Marginal 320000ms
<TIME> before comolete bottom half 0ms
<TIME> Complete bottom by Marginal 320000ms
<TIME> before comolete bottom half 0ms
<TIME> Complete bottom by Marginal 320000ms
<TIME> before comolete bottom half 0ms
<TIME> Complete bottom by Marginal 320000ms
<TIME> before comolete bottom half 0ms
<TIME> Complete bottom by Marginal 320000ms
<TIME> before comolete bottom half 0ms
<TIME> Complete bottom by Marginal 310000ms
<TIME> before comolete bottom half 0ms
<TIME> Complete bottom by Marginal 320000ms
<TIME> before comolete bottom half 0ms
<TIME> Complete bottom by Marginal 320000ms
<TIME> before comolete bottom half 0ms
<TIME> Complete bottom by Marginal 320000ms
<TIME> before comolete bottom half 0ms
<TIME> Complete bottom by Marginal 320000ms
<TIME> before comolete bottom half 0ms
<TIME> Complete bottom by Marginal 320000ms
<TIME> before comolete bottom half 0ms
<TIME> Complete bottom by Marginal 310000ms
<TIME> before comolete bottom half 0ms
<TIME> Complete bottom by Marginal 320000ms
<TIME> before comolete bottom half 0ms
<TIME> Complete bottom by Marginal 320000ms
<TIME> before comolete bottom half 0ms
<TIME> Complete bottom by Marginal 320000ms
<TIME> before comolete bottom half 0ms
<TIME> Complete bottom by Marginal 320000ms
<TIME> before comolete bottom half 0ms
<TIME> Complete bottom by Marginal 320000ms
<TIME> before comolete bottom half 0ms
<TIME> Complete bottom by Marginal 320000ms
<TIME> before comolete bottom half 0ms
<TIME> Complete bottom by Marginal 320000ms
<TIME> before comolete bottom half 0ms
<TIME> Complete bottom by Marginal 320000ms
<TIME> before comolete bottom half 0ms
<TIME> Complete bottom by Marginal 310000ms
<TIME> before comolete bottom half 0ms
<TIME> Complete bottom by Marginal 320000ms
<TIME> before comolete bottom half 0ms
<TIME> Complete bottom by Marginal 320000ms
<TIME> before comolete bottom half 0ms
<TIME> Complete bottom by Marginal 330000ms
<TIME> before comolete bottom half 0ms
<TIME> Complete bottom by Marginal 310000ms
<TIME> before comolete bottom half 0ms
<TIME> Complete bottom by Marginal 310000ms
<TIME> before comolete bottom half 0ms
<TIME> Complete bottom by Marginal 310000ms
<TIME> before comolete bottom half 0ms
<TIME> Complete bottom by Marginal 320000ms
<TIME> before comolete bottom half 0ms
<TIME> Complete bottom by Marginal 320000ms
<TIME> before comolete bottom half 0ms
<TIME> Complete bottom by Marginal 310000ms
<TIME> before comolete bottom half 0ms
<TIME> Complete bottom by Marginal 320000ms
<TIME> before comolete bottom half 0ms
<TIME> Complete bottom by Marginal 310000ms
<TIME> before comolete bottom half 0ms
<TIME> Complete bottom by Marginal 310000ms
<TIME> before comolete bottom half 0ms
<TIME> Complete bottom by Marginal 310000ms
<TIME> before comolete bottom half 0ms
<TIME> Complete bottom by Marginal 320000ms
<TIME> before comolete bottom half 0ms
<TIME> Complete bottom by Marginal 320000ms
<TIME> before comolete bottom half 0ms
<TIME> Complete bottom by Marginal 320000ms
<TIME> Complete bottom by Marginal 320000ms
<TIME> before comolete bottom half 0ms
<TIME> Complete bottom by Marginal 310000ms
<TIME> before comolete bottom half 0ms
<TIME> Complete bottom by Marginal 320000ms
<TIME> before comolete bottom half 0ms
<TIME> Complete bottom by Marginal 320000ms
<TIME> before comolete bottom half 0ms
<TIME> Complete bottom by Marginal 320000ms
<TIME> before comolete bottom half 0ms
<TIME> Complete bottom by Marginal 310000ms
<TIME> before comolete bottom half 0ms
<TIME> Complete bottom by Marginal 320000ms
<TIME> before comolete bottom half 0ms
<TIME> Complete bottom by Marginal 310000ms
<TIME> before comolete bottom half 0ms
<TIME> Complete bottom by Marginal 320000ms
<TIME> before comolete bottom half 0ms
<TIME> Complete bottom by Marginal 320000ms
<TIME> before comolete bottom half 0ms
<TIME> Complete bottom by Marginal 310000ms
<TIME> before comolete bottom half 0ms
<TIME> Complete bottom by Marginal 320000ms
<TIME> before comolete bottom half 0ms
<TIME> Complete bottom by Marginal 320000ms
<TIME> before comolete bottom half 0ms
<TIME> Complete bottom by Marginal 320000ms
<TIME> before comolete bottom half 0ms
<TIME> Complete bottom by Marginal 310000ms
<TIME> before comolete bottom half 0ms
<TIME> Complete bottom by Marginal 320000ms
<TIME> before comolete bottom half 0ms
<TIME> Complete bottom by Marginal 320000ms
<TIME> before comolete bottom half 0ms
<TIME> Complete bottom by Marginal 320000ms
<TIME> before comolete bottom half 0ms
<TIME> Complete bottom by Marginal 310000ms
<TIME> before comolete bottom half 0ms
<TIME> Complete bottom by Marginal 320000ms
<TIME> before comolete bottom half 0ms
<TIME> Complete bottom by Marginal 320000ms
<TIME> before comolete bottom half 0ms
<TIME> Complete bottom by Marginal 320000ms
<TIME> before comolete bottom half 0ms
<TIME> Complete bottom by Marginal 320000ms
<TIME> before comolete bottom half 0ms
<TIME> Complete bottom by Marginal 320000ms
<TIME> before comolete bottom half 0ms
<TIME> Complete bottom by Marginal 320000ms
<TIME> before comolete bottom half 0ms
<TIME> Complete bottom by Marginal 330000ms
<TIME> before comolete bottom half 0ms
<TIME> Complete bottom by Marginal 310000ms
<TIME> Complete bottom by Marginal 310000ms
<TIME> Complete bottom by Marginal 310000ms
<TIME> Complete bottom by Marginal 320000ms
<TIME> Complete bottom by Marginal 310000ms
<TIME> Complete bottom by Marginal 320000ms
<TIME> Complete bottom by Marginal 320000ms
<TIME> Complete bottom by Marginal 310000ms
<TIME> Complete bottom by Marginal 320000ms
<TIME> Complete bottom by Marginal 320000ms
<TIME> Complete bottom by Marginal 320000ms
<TIME> Complete bottom by Marginal 310000ms
<TIME> Complete bottom by Marginal 310000ms
<TIME> Complete bottom by Marginal 320000ms
<TIME> before comolete bottom half 0ms
<TIME> Complete bottom by Marginal 320000ms
<TIME> before comolete bottom half 0ms
<TIME> Complete bottom by Marginal 320000ms
<TIME> before comolete bottom half 0ms
<TIME> Complete bottom by Marginal 320000ms
<TIME> before comolete bottom half 0ms
<TIME> Complete bottom by Marginal 310000ms
<TIME> before comolete bottom half 0ms
<TIME> Complete bottom by Marginal 320000ms
<TIME> before comolete bottom half 0ms
<TIME> Complete bottom by Marginal 310000ms
<TIME> before comolete bottom half 0ms
<TIME> Complete bottom by Marginal 320000ms
<TIME> before comolete bottom half 0ms
<TIME> Complete bottom by Marginal 320000ms
<TIME> before comolete bottom half 0ms
<TIME> Complete bottom by Marginal 310000ms
<TIME> before comolete bottom half 0ms
<TIME> Complete bottom by Marginal 310000ms
<TIME> before comolete bottom half 0ms
<TIME> Complete bottom by Marginal 310000ms
<TIME> before comolete bottom half 0ms
<TIME> Complete bottom by Marginal 320000ms
<TIME> before comolete bottom half 0ms
<TIME> Complete bottom by Marginal 320000ms
<TIME> before comolete bottom half 0ms
<TIME> Complete bottom by Marginal 320000ms
<TIME> before comolete bottom half 0ms
<TIME> Complete bottom by Marginal 320000ms
<TIME> before comolete bottom half 0ms
<TIME> Complete bottom by Marginal 310000ms
<TIME> before comolete bottom half 0ms
<TIME> Complete bottom by Marginal 320000ms
<TIME> before comolete bottom half 0ms
<TIME> Complete bottom by Marginal 300000ms
<TIME> before comolete bottom half 0ms
<TIME> Complete bottom by Marginal 300000ms
<TIME> before comolete bottom half 0ms
<TIME> Complete bottom by Marginal 320000ms
<TIME> before comolete bottom half 0ms
<TIME> Complete bottom by Marginal 310000ms
<TIME> before comolete bottom half 0ms
<TIME> Complete bottom by Marginal 300000ms
<TIME> before comolete bottom half 0ms
<TIME> Complete bottom by Marginal 300000ms
<TIME> before comolete bottom half 0ms
<TIME> Complete bottom by Marginal 310000ms
<TIME> before comolete bottom half 0ms
<TIME> Complete bottom by Marginal 310000ms
<TIME> before comolete bottom half 0ms
<TIME> Complete bottom by Marginal 310000ms
<TIME> before comolete bottom half 0ms
<TIME> Complete bottom by Marginal 320000ms
<TIME> before comolete bottom half 0ms
<TIME> Complete bottom by Marginal 320000ms
<TIME> before comolete bottom half 0ms
<TIME> Complete bottom by Marginal 320000ms
<TIME> before comolete bottom half 0ms
<TIME> Complete bottom by Marginal 310000ms
<TIME> before comolete bottom half 0ms
<TIME> Complete bottom by Marginal 320000ms
<TIME> before comolete bottom half 0ms
<TIME> Complete bottom by Marginal 310000ms
<TIME> before comolete bottom half 0ms
<TIME> Complete bottom by Marginal 320000ms
<TIME> before comolete bottom half 0ms
<TIME> Complete bottom by Marginal 320000ms
<TIME> before comolete bottom half 0ms
<TIME> Complete bottom by Marginal 320000ms
<TIME> before comolete bottom half 0ms
<TIME> Complete bottom by Marginal 320000ms
<TIME> before comolete bottom half 0ms
<TIME> Complete bottom by Marginal 310000ms
<TIME> before comolete bottom half 0ms
<TIME> Complete bottom by Marginal 310000ms
<TIME> before comolete bottom half 0ms
<TIME> Complete bottom by Marginal 290000ms
<TIME> before comolete bottom half 0ms
<TIME> Complete bottom by Marginal 320000ms
<TIME> before comolete bottom half 0ms
<TIME> Complete bottom by Marginal 290000ms
<TIME> before comolete bottom half 0ms
<TIME> Complete bottom by Marginal 320000ms
<TIME> before comolete bottom half 0ms
<TIME> Complete bottom by Marginal 280000ms
<TIME> before comolete bottom half 0ms
<TIME> Complete bottom by Marginal 320000ms
<TIME> before comolete bottom half 0ms
<TIME> Complete bottom by Marginal 320000ms
<TIME> before comolete bottom half 0ms
<TIME> Complete bottom by Marginal 330000ms
<TIME> before comolete bottom half 0ms
<TIME> Complete bottom by Marginal 290000ms
<TIME> before comolete bottom half 0ms
<TIME> Complete bottom by Marginal 290000ms
<TIME> before comolete bottom half 0ms
<TIME> Complete bottom by Marginal 290000ms
<TIME> before comolete bottom half 0ms
<TIME> Complete bottom by Marginal 320000ms
<TIME> before comolete bottom half 0ms
<TIME> Complete bottom by Marginal 320000ms
<TIME> before comolete bottom half 0ms
<TIME> Complete bottom by Marginal 310000ms
<TIME> before comolete bottom half 0ms
<TIME> Complete bottom by Marginal 320000ms
<TIME> before comolete bottom half 0ms
<TIME> Complete bottom by Marginal 320000ms
<TIME> before comolete bottom half 0ms
<TIME> Complete bottom by Marginal 310000ms
<TIME> before comolete bottom half 0ms
<TIME> Complete bottom by Marginal 320000ms
<TIME> before comolete bottom half 0ms
<TIME> Complete bottom by Marginal 320000ms
<TIME> before comolete bottom half 0ms
<TIME> Complete bottom by Marginal 280000ms
<TIME> before comolete bottom half 0ms
<TIME> Complete bottom by Marginal 290000ms
<TIME> before comolete bottom half 0ms
<TIME> Complete bottom by Marginal 280000ms
<TIME> before comolete bottom half 0ms
<TIME> Complete bottom by Marginal 320000ms
<TIME> before comolete bottom half 0ms
<TIME> Complete bottom by Marginal 320000ms
<TIME> before comolete bottom half 0ms
<TIME> Complete bottom by Marginal 320000ms
<TIME> before comolete bottom half 0ms
<TIME> Complete bottom by Marginal 320000ms
<TIME> before comolete bottom half 0ms
<TIME> Complete bottom by Marginal 320000ms
<TIME> before comolete bottom half 0ms
<TIME> Complete bottom by Marginal 320000ms
<TIME> before comolete bottom half 0ms
<TIME> Complete bottom by Marginal 320000ms
<TIME> before comolete bottom half 0ms
<TIME> Complete bottom by Marginal 320000ms
<TIME> before comolete bottom half 0ms
<TIME> Complete bottom by Marginal 310000ms
<TIME> before comolete bottom half 0ms
<TIME> Complete bottom by Marginal 280000ms
<TIME> before comolete bottom half 0ms
<TIME> Complete bottom by Marginal 290000ms
<TIME> before comolete bottom half 0ms
<TIME> Complete bottom by Marginal 320000ms
<TIME> before comolete bottom half 0ms
<TIME> Complete bottom by Marginal 320000ms
<TIME> before comolete bottom half 0ms
<TIME> Complete bottom by Marginal 300000ms
<TIME> before comolete bottom half 0ms
<TIME> Complete bottom by Marginal 310000ms
<TIME> before comolete bottom half 0ms
<TIME> Complete bottom by Marginal 280000ms
<TIME> before comolete bottom half 0ms
<TIME> Complete bottom by Marginal 290000ms
<TIME> before comolete bottom half 0ms
<TIME> Complete bottom by Marginal 280000ms
<TIME> before comolete bottom half 0ms
<TIME> Complete bottom by Marginal 320000ms
<TIME> before comolete bottom half 0ms
<TIME> Complete bottom by Marginal 320000ms
<TIME> before comolete bottom half 0ms
<TIME> Complete bottom by Marginal 320000ms
<TIME> before comolete bottom half 0ms
<TIME> Complete bottom by Marginal 320000ms
<TIME> before comolete bottom half 0ms
<TIME> Complete bottom by Marginal 320000ms
<TIME> before comolete bottom half 0ms
<TIME> Complete bottom by Marginal 320000ms
<TIME> before comolete bottom half 0ms
<TIME> Complete bottom by Marginal 310000ms
<TIME> before comolete bottom half 0ms
<TIME> Complete bottom by Marginal 310000ms
<TIME> before comolete bottom half 0ms
<TIME> Complete bottom by Marginal 280000ms
<TIME> before comolete bottom half 0ms
<TIME> Complete bottom by Marginal 290000ms
<TIME> before comolete bottom half 0ms
<TIME> Complete bottom by Marginal 310000ms
<TIME> before comolete bottom half 0ms
<TIME> Complete bottom by Marginal 310000ms
<TIME> before comolete bottom half 0ms
<TIME> Complete bottom by Marginal 320000ms
<TIME> before comolete bottom half 0ms
<TIME> Complete bottom by Marginal 310000ms
<TIME> before comolete bottom half 0ms
<TIME> Complete bottom by Marginal 320000ms
<TIME> before comolete bottom half 0ms
<TIME> Complete bottom by Marginal 310000ms
<TIME> before comolete bottom half 0ms
<TIME> Complete bottom by Marginal 320000ms
<TIME> before comolete bottom half 0ms
<TIME> Complete bottom by Marginal 320000ms
<TIME> before comolete bottom half 0ms
<TIME> Complete bottom by Marginal 310000ms
<TIME> before comolete bottom half 0ms
<TIME> Complete bottom by Marginal 290000ms
<TIME> before comolete bottom half 0ms
<TIME> Complete bottom by Marginal 320000ms
<TIME> before comolete bottom half 0ms
<TIME> Complete bottom by Marginal 290000ms
<TIME> Complete bottom by Marginal 280000ms
<TIME> Complete bottom by Marginal 280000ms
<TIME> Complete bottom by Marginal 320000ms
<TIME> Complete bottom by Marginal 280000ms
<TIME> Complete bottom by Marginal 310000ms
<TIME> Complete bottom by Marginal 320000ms
<TIME> Complete bottom by Marginal 290000ms
<TIME> Complete bottom by Marginal 310000ms
<TIME> Complete bottom by Marginal 310000ms
<TIME> Complete bottom by Marginal 310000ms
<TIME> Complete bottom by Marginal 320000ms
<TIME> Complete bottom by Marginal 320000ms
<TIME> Complete bottom by Marginal 320000ms
<TIME> Complete bottom by Marginal 320000ms
<TIME> Complete bottom by Marginal 320000ms
<TIME> Complete bottom by Marginal 320000ms
<TIME> Complete bottom by Marginal 320000ms
<TIME> Complete bottom by Marginal 310000ms
<TIME> Complete bottom by Marginal 320000ms
<TIME> Complete bottom by Marginal 310000ms
<TIME> Complete bottom by Marginal 290000ms
<TIME> Complete bottom by Marginal 310000ms
<TIME> Complete bottom by Marginal 320000ms
<TIME> Complete bottom by Marginal 310000ms


PS:

Read file <../errors/stderr_olivetti.err> for stderr output of this job.

